
RAxML-NG v. 1.2.1 released on 22.12.2023 by The Exelixis Lab.
Developed by: Alexey M. Kozlov and Alexandros Stamatakis.
Contributors: Diego Darriba, Tomas Flouri, Benoit Morel, Sarah Lutteropp, Ben Bettisworth, Julia Haag, Anastasis Togkousidis.
Latest version: https://github.com/amkozlov/raxml-ng
Questions/problems/suggestions? Please visit: https://groups.google.com/forum/#!forum/raxml

System: Apple M2, 8 cores, 8 GB RAM

RAxML-NG was called at 14-Mar-2024 13:43:56 as follows:

/Users/robertoregalado/Desktop/final-project-repository/Software/raxml-ng ./raxml-ng --msa /Users/robertoregalado/Desktop/final-project-repository/Data/xylaria_dump_aligned.fasta --model GTR+G --prefix T3 --threads 2 --seed 2

Analysis options:
  run mode: ML tree search
  start tree(s): random (10) + parsimony (10)
  random seed: 2
  tip-inner: OFF
  pattern compression: ON
  per-rate scalers: OFF
  site repeats: ON
  logLH epsilon: general: 10.000000, brlen-triplet: 1000.000000
  fast spr radius: AUTO
  spr subtree cutoff: 1.000000
  fast CLV updates: ON
  branch lengths: proportional (ML estimate, algorithm: NR-FAST)
  SIMD kernels: SSE3
  parallelization: coarse-grained (auto), PTHREADS (2 threads), thread pinning: OFF

[00:00:00] Reading alignment from file: /Users/robertoregalado/Desktop/final-project-repository/Data/xylaria_dump_aligned.fasta
[00:00:00] Loaded alignment with 11 taxa and 986 sites

Alignment comprises 1 partitions and 141 patterns

Partition 0: noname
Model: GTR+FO+G4m
Alignment sites / patterns: 986 / 141
Gaps: 35.00 %
Invariant sites: 91.28 %


NOTE: Binary MSA file created: T3.raxml.rba

Parallelization scheme autoconfig: 2 worker(s) x 1 thread(s)

[00:00:00] Generating 10 random starting tree(s) with 11 taxa
[00:00:00] Generating 10 parsimony starting tree(s) with 11 taxa
Parallel parsimony with 2 threads
Parallel reduction/worker buffer size: 1 KB  / 0 KB

[00:00:00] Data distribution: max. partitions/sites/weight per thread: 1 / 141 / 2256
[00:00:00] Data distribution: max. searches per worker: 10

Starting ML tree search with 20 distinct starting trees

[00:00:00 -2721.451709] Initial branch length optimization
[00:00:00 -2178.400913] Model parameter optimization (eps = 10.000000)
[00:00:00 -2085.662714] AUTODETECT spr round 1 (radius: 5)
[00:00:00 -1963.907931] AUTODETECT spr round 2 (radius: 10)
[00:00:00 -1963.160694] SPR radius for FAST iterations: 10 (autodetect)
[00:00:00 -1963.160694] Model parameter optimization (eps = 3.000000)
[00:00:00 -1961.481965] FAST spr round 1 (radius: 10)
[00:00:00 -1961.385431] Model parameter optimization (eps = 1.000000)
[00:00:00 -1961.357649] SLOW spr round 1 (radius: 5)
[00:00:00 -1961.355591] SLOW spr round 2 (radius: 10)
[00:00:00] [worker #1] ML tree search #2, logLikelihood: -1961.354514
[00:00:00 -1961.355178] Model parameter optimization (eps = 0.100000)

[00:00:00] [worker #0] ML tree search #1, logLikelihood: -1961.354562

[00:00:00 -2777.113271] Initial branch length optimization
[00:00:00 -2215.776428] Model parameter optimization (eps = 10.000000)
[00:00:00 -2112.290910] AUTODETECT spr round 1 (radius: 5)
[00:00:00 -1963.179514] AUTODETECT spr round 2 (radius: 10)
[00:00:00 -1962.770215] SPR radius for FAST iterations: 10 (autodetect)
[00:00:00 -1962.770215] Model parameter optimization (eps = 3.000000)
[00:00:00 -1961.385639] FAST spr round 1 (radius: 10)
[00:00:00 -1961.365491] Model parameter optimization (eps = 1.000000)
[00:00:00 -1961.354497] SLOW spr round 1 (radius: 5)
[00:00:00 -1961.354438] SLOW spr round 2 (radius: 10)
[00:00:00 -1961.354427] Model parameter optimization (eps = 0.100000)

[00:00:00] [worker #0] ML tree search #3, logLikelihood: -1961.354393

[00:00:00 -2763.260719] Initial branch length optimization
[00:00:00 -2214.248666] Model parameter optimization (eps = 10.000000)
[00:00:00] [worker #1] ML tree search #4, logLikelihood: -1961.355289
[00:00:00 -2110.196242] AUTODETECT spr round 1 (radius: 5)
[00:00:00 -1963.274002] AUTODETECT spr round 2 (radius: 10)
[00:00:00 -1962.934844] SPR radius for FAST iterations: 10 (autodetect)
[00:00:00 -1962.934844] Model parameter optimization (eps = 3.000000)
[00:00:00 -1961.389987] FAST spr round 1 (radius: 10)
[00:00:00 -1961.367739] Model parameter optimization (eps = 1.000000)
[00:00:00 -1961.355443] SLOW spr round 1 (radius: 5)
[00:00:00 -1961.354937] SLOW spr round 2 (radius: 10)
[00:00:00 -1961.354838] Model parameter optimization (eps = 0.100000)

[00:00:00] [worker #0] ML tree search #5, logLikelihood: -1961.354711

[00:00:00 -2632.350046] Initial branch length optimization
[00:00:00 -2067.736003] Model parameter optimization (eps = 10.000000)
[00:00:00] [worker #1] ML tree search #6, logLikelihood: -1961.354434
[00:00:00 -2017.146607] AUTODETECT spr round 1 (radius: 5)
[00:00:00 -1961.996935] AUTODETECT spr round 2 (radius: 10)
[00:00:00 -1961.988522] SPR radius for FAST iterations: 5 (autodetect)
[00:00:00 -1961.988522] Model parameter optimization (eps = 3.000000)
[00:00:00 -1961.375124] FAST spr round 1 (radius: 5)
[00:00:00 -1961.357444] Model parameter optimization (eps = 1.000000)
[00:00:00 -1961.355022] SLOW spr round 1 (radius: 5)
[00:00:00 -1961.354542] SLOW spr round 2 (radius: 10)
[00:00:00 -1961.354489] Model parameter optimization (eps = 0.100000)

[00:00:00] [worker #0] ML tree search #7, logLikelihood: -1961.354449

[00:00:00 -2746.868189] Initial branch length optimization
[00:00:00 -2220.525084] Model parameter optimization (eps = 10.000000)
[00:00:00] [worker #1] ML tree search #8, logLikelihood: -1961.355168
[00:00:00 -2115.886917] AUTODETECT spr round 1 (radius: 5)
[00:00:00 -1963.884268] AUTODETECT spr round 2 (radius: 10)
[00:00:00 -1963.643804] SPR radius for FAST iterations: 10 (autodetect)
[00:00:00 -1963.643804] Model parameter optimization (eps = 3.000000)
[00:00:00 -1962.293339] FAST spr round 1 (radius: 10)
[00:00:00 -1961.528404] Model parameter optimization (eps = 1.000000)
[00:00:00 -1961.391022] SLOW spr round 1 (radius: 5)
[00:00:00 -1961.362639] SLOW spr round 2 (radius: 10)
[00:00:00 -1961.362335] Model parameter optimization (eps = 0.100000)

[00:00:00] [worker #0] ML tree search #9, logLikelihood: -1961.355395

[00:00:00 -2562.024772] Initial branch length optimization
[00:00:00 -1983.965842] Model parameter optimization (eps = 10.000000)
[00:00:00 -1961.513441] AUTODETECT spr round 1 (radius: 5)
[00:00:00] [worker #1] ML tree search #10, logLikelihood: -1961.354410
[00:00:00 -1961.436777] SPR radius for FAST iterations: 5 (autodetect)
[00:00:00 -1961.436777] Model parameter optimization (eps = 3.000000)
[00:00:00 -1961.386827] FAST spr round 1 (radius: 5)
[00:00:00 -1961.360460] Model parameter optimization (eps = 1.000000)
[00:00:00 -1961.355439] SLOW spr round 1 (radius: 5)
[00:00:00 -1961.354632] SLOW spr round 2 (radius: 10)
[00:00:00 -1961.354534] Model parameter optimization (eps = 0.100000)

[00:00:00] [worker #0] ML tree search #11, logLikelihood: -1961.354428

[00:00:00 -2547.889481] Initial branch length optimization
[00:00:00 -1983.945479] Model parameter optimization (eps = 10.000000)
[00:00:00 -1961.556380] AUTODETECT spr round 1 (radius: 5)
[00:00:00] [worker #1] ML tree search #12, logLikelihood: -1961.355221
[00:00:00 -1961.458409] SPR radius for FAST iterations: 5 (autodetect)
[00:00:00 -1961.458409] Model parameter optimization (eps = 3.000000)
[00:00:00 -1961.395007] FAST spr round 1 (radius: 5)
[00:00:00 -1961.362826] Model parameter optimization (eps = 1.000000)
[00:00:00 -1961.356451] SLOW spr round 1 (radius: 5)
[00:00:00 -1961.354968] SLOW spr round 2 (radius: 10)
[00:00:00 -1961.354741] Model parameter optimization (eps = 0.100000)

[00:00:00] [worker #0] ML tree search #13, logLikelihood: -1961.354477

[00:00:00 -2548.066985] Initial branch length optimization
[00:00:00 -1983.942316] Model parameter optimization (eps = 10.000000)
[00:00:00] [worker #1] ML tree search #14, logLikelihood: -1961.354809
[00:00:00 -1962.277890] AUTODETECT spr round 1 (radius: 5)
[00:00:00 -1961.581461] AUTODETECT spr round 2 (radius: 10)
[00:00:00 -1961.529804] SPR radius for FAST iterations: 5 (autodetect)
[00:00:00 -1961.529804] Model parameter optimization (eps = 3.000000)
[00:00:00 -1961.371592] FAST spr round 1 (radius: 5)
[00:00:00 -1961.357533] Model parameter optimization (eps = 1.000000)
[00:00:00 -1961.355917] SLOW spr round 1 (radius: 5)
[00:00:00 -1961.354941] SLOW spr round 2 (radius: 10)
[00:00:00 -1961.354729] Model parameter optimization (eps = 0.100000)
[00:00:00] [worker #1] ML tree search #16, logLikelihood: -1961.354828

[00:00:00] [worker #0] ML tree search #15, logLikelihood: -1961.354473

[00:00:00 -2560.011868] Initial branch length optimization
[00:00:00 -1983.950243] Model parameter optimization (eps = 10.000000)
[00:00:00 -1962.277066] AUTODETECT spr round 1 (radius: 5)
[00:00:00 -1961.514857] AUTODETECT spr round 2 (radius: 10)
[00:00:00 -1961.487429] SPR radius for FAST iterations: 5 (autodetect)
[00:00:00 -1961.487429] Model parameter optimization (eps = 3.000000)
[00:00:00 -1961.380874] FAST spr round 1 (radius: 5)
[00:00:00 -1961.363127] Model parameter optimization (eps = 1.000000)
[00:00:00 -1961.357633] SLOW spr round 1 (radius: 5)
[00:00:00] [worker #1] ML tree search #18, logLikelihood: -1961.355093
[00:00:00 -1961.355467] SLOW spr round 2 (radius: 10)
[00:00:00 -1961.355055] Model parameter optimization (eps = 0.100000)

[00:00:00] [worker #0] ML tree search #17, logLikelihood: -1961.354552

[00:00:00 -2562.408711] Initial branch length optimization
[00:00:00 -1986.010045] Model parameter optimization (eps = 10.000000)
[00:00:00 -1961.373235] AUTODETECT spr round 1 (radius: 5)
[00:00:00 -1961.372021] SPR radius for FAST iterations: 5 (autodetect)
[00:00:00 -1961.372021] Model parameter optimization (eps = 3.000000)
[00:00:00 -1961.371304] FAST spr round 1 (radius: 5)
[00:00:00 -1961.356581] Model parameter optimization (eps = 1.000000)
[00:00:00 -1961.355044] SLOW spr round 1 (radius: 5)
[00:00:00 -1961.354800] SLOW spr round 2 (radius: 10)
[00:00:00] [worker #1] ML tree search #20, logLikelihood: -1961.354535
[00:00:00 -1961.354748] Model parameter optimization (eps = 0.100000)

[00:00:00] [worker #0] ML tree search #19, logLikelihood: -1961.354706


Optimized model parameters:

   Partition 0: noname
   Rate heterogeneity: GAMMA (4 cats, mean),  alpha: 0.020120 (ML),  weights&rates: (0.250000,0.000000) (0.250000,0.000000) (0.250000,0.000001) (0.250000,3.999999) 
   Base frequencies (ML): 0.256464 0.231742 0.255454 0.256340 
   Substitution rates (ML): 0.983056 1.820591 1.393824 1.378664 4.480012 1.000000 


Final LogLikelihood: -1961.354393

AIC score: 3978.708787 / AICc score: 3980.405757 / BIC score: 4115.731165
Free parameters (model + branch lengths): 28

WARNING: Best ML tree contains 3 near-zero branches!

Best ML tree with collapsed near-zero branches saved to: /Users/robertoregalado/Desktop/final-project-repository/Software/T3.raxml.bestTreeCollapsed
Best ML tree saved to: /Users/robertoregalado/Desktop/final-project-repository/Software/T3.raxml.bestTree
All ML trees saved to: /Users/robertoregalado/Desktop/final-project-repository/Software/T3.raxml.mlTrees
Optimized model saved to: /Users/robertoregalado/Desktop/final-project-repository/Software/T3.raxml.bestModel

Execution log saved to: /Users/robertoregalado/Desktop/final-project-repository/Software/T3.raxml.log

Analysis started: 14-Mar-2024 13:43:56 / finished: 14-Mar-2024 13:43:57

Elapsed time: 0.974 seconds

