
RAxML-NG v. 1.2.1 released on 22.12.2023 by The Exelixis Lab.
Developed by: Alexey M. Kozlov and Alexandros Stamatakis.
Contributors: Diego Darriba, Tomas Flouri, Benoit Morel, Sarah Lutteropp, Ben Bettisworth, Julia Haag, Anastasis Togkousidis.
Latest version: https://github.com/amkozlov/raxml-ng
Questions/problems/suggestions? Please visit: https://groups.google.com/forum/#!forum/raxml

System: Apple M2, 8 cores, 8 GB RAM

RAxML-NG was called at 14-Mar-2024 13:30:48 as follows:

/Users/robertoregalado/Desktop/final-project-repository/Software/raxml-ng ./raxml-ng --check --msa /Users/robertoregalado/Desktop/final-project-repository/Data/xylaria_dump_aligned.fasta --model GTR+G

Analysis options:
  run mode: Alignment validation
  start tree(s): 
  random seed: 1710441048
  SIMD kernels: SSE3
  parallelization: coarse-grained (auto), PTHREADS (auto)

[00:00:00] Reading alignment from file: /Users/robertoregalado/Desktop/final-project-repository/Data/xylaria_dump_aligned.fasta
[00:00:00] Loaded alignment with 11 taxa and 986 sites

Alignment comprises 1 partitions and 986 sites

Partition 0: noname
Model: GTR+FO+G4m
Alignment sites: 986
Gaps: 35.00 %
Invariant sites: 91.28 %



Alignment can be successfully read by RAxML-NG.


Execution log saved to: /Users/robertoregalado/Desktop/final-project-repository/Data/xylaria_dump_aligned.fasta.raxml.log

Analysis started: 14-Mar-2024 13:30:48 / finished: 14-Mar-2024 13:30:48

Elapsed time: 0.013 seconds

